<?xml version="1.0" encoding="UTF-8"?>
<!-- Generated by org.testng.reporters.JUnitXMLReporter -->
<testsuite hostname="snktst" ignored="0" name="Test1" tests="8" failures="0" timestamp="14 фев 2018 19:07:52 GMT" time="67.703" errors="0">
  <testcase name="emptyUserLoginAndPasswordTest" time="1.735" classname="tests.LoginTest"/>
  <testcase name="emptyUserLoginTest" time="1.171" classname="tests.LoginTest"/>
  <testcase name="emptyUserPasswordTest" time="1.459" classname="tests.LoginTest"/>
  <testcase name="incorrectUserLoginMaskTest" time="16.516" classname="tests.LoginTest"/>
  <testcase name="nonExistUserLoginTest" time="2.769" classname="tests.LoginTest"/>
  <testcase name="spacesInTheUserLoginAndPasswordTest" time="15.757" classname="tests.LoginTest"/>
  <testcase name="tabsInTheUserLoginAndPasswordTest" time="15.826" classname="tests.LoginTest"/>
  <testcase name="validCredentialsLoginTest" time="3.982" classname="tests.LoginTest"/>
</testsuite> <!-- Test1 -->
