<?xml version="1.0" encoding="UTF-8"?>
<testsuite xmlns:xsi="http://www.w3.org/2001/XMLSchema-instance" xsi:schemaLocation="https://maven.apache.org/surefire/maven-surefire-plugin/xsd/surefire-test-report.xsd" name="TestSuite" time="79.218" tests="8" errors="0" skipped="0" failures="0">
  <properties>
[...]
</properties>
  <testcase name="emptyUserLoginAndPasswordTest" classname="tests.LoginTest" time="1.735"/>
  <testcase name="emptyUserLoginTest" classname="tests.LoginTest" time="1.167"/>
  <testcase name="emptyUserPasswordTest" classname="tests.LoginTest" time="1.456"/>
  <testcase name="incorrectUserLoginMaskTest" classname="tests.LoginTest" time="16.525"/>
  <testcase name="nonExistUserLoginTest" classname="tests.LoginTest" time="2.763"/>
  <testcase name="spacesInTheUserLoginAndPasswordTest" classname="tests.LoginTest" time="15.752"/>
  <testcase name="tabsInTheUserLoginAndPasswordTest" classname="tests.LoginTest" time="15.824"/>
  <testcase name="validCredentialsLoginTest" classname="tests.LoginTest" time="3.981"/>
</testsuite>