<?xml version="1.0" encoding="UTF-8"?>
<testsuite xmlns:xsi="http://www.w3.org/2001/XMLSchema-instance" xsi:noNamespaceSchemaLocation="https://maven.apache.org/surefire/maven-surefire-plugin/xsd/surefire-test-report.xsd" name="TestSuite" time="185.017" tests="20" errors="0" skipped="0" failures="3">
  <properties>
[...]
</properties>
  <testcase name="emptyUserLoginAndPasswordTest" classname="tests.LoginTest" time="0.75"/>
  <testcase name="emptyUserLoginTest" classname="tests.LoginTest" time="0.337"/>
  <testcase name="emptyUserPasswordTest" classname="tests.LoginTest" time="0.368"/>
  <testcase name="incorrectUserLoginMaskTest" classname="tests.LoginTest" time="15.387"/>
  <testcase name="nonExistUserLoginTest" classname="tests.LoginTest" time="3.844"/>
  <testcase name="spacesInTheUserLoginAndPasswordTest" classname="tests.LoginTest" time="15.247"/>
  <testcase name="tabsInTheUserLoginAndPasswordTest" classname="tests.LoginTest" time="15.213"/>
  <testcase name="validCredentialsLoginTest" classname="tests.LoginTest" time="9.949"/>
  <testcase name="isPriceFilterPresentTest" classname="tests.ProductListTest" time="0.045"/>
  <testcase name="isProductPresentInTheProductListTest" classname="tests.ProductListTest" time="0.023"/>
  <testcase name="openingProductPageTest" classname="tests.ProductListTest" time="0.76"/>
  <testcase name="productListIncludesValidProductAfterApplyPriceFilterTest" classname="tests.ProductListTest" time="0.736"/>
  <testcase name="productsOnTheProductListHaveAPriceTest" classname="tests.ProductListTest" time="0.042"/>
  <testcase name="addProductToCartWithSelectedOptionsTest" classname="tests.ProductTest" time="2.731"/>
  <testcase name="addProductWithOneSelectedOptionTest" classname="tests.ProductTest" time="0.228"/>
  <testcase name="addProductWithoutSelectedOptionsTest" classname="tests.ProductTest" time="0.093"/>
  <testcase name="productPriceEqualsPriceInProductListTest" classname="tests.ProductTest" time="0.087">
    <failure message="empty String" type="java.lang.NumberFormatException">java.lang.NumberFormatException: empty String
	at tests.ProductTest.productPriceEqualsPriceInProductListTest(ProductTest.java:17)
</failure>
    <system-out><![CDATA[2018-02-23 11:31:50 Page:33 [INFO] - Start open page.
2018-02-23 11:31:51 Page:40 [INFO] - Page open successful.
2018-02-23 11:31:51 WebElementsActions:53 [INFO] - Click on Link globalmenu.page.menuheaderlink.link
2018-02-23 11:31:52 WebElementsActions:53 [INFO] - Click on Link productcategoty.page.item.link
2018-02-23 11:31:53 WebElementsActions:53 [INFO] - Click on Link productlist.page.item.link
]]></system-out>
  </testcase>
  <testcase name="newUserRegistrationTest" classname="tests.RegistrationTest" time="30.586">
    <failure message="Expected condition failed: waiting for presence of element located by: By.xpath: .//input[@id=&apos;firstname&apos;] (tried for 30 second(s) with 500 MILLISECONDS interval)" type="org.openqa.selenium.TimeoutException">org.openqa.selenium.TimeoutException: Expected condition failed: waiting for presence of element located by: By.xpath: .//input[@id='firstname'] (tried for 30 second(s) with 500 MILLISECONDS interval)
	at tests.RegistrationTest.newUserRegistrationTest(RegistrationTest.java:16)
Caused by: org.openqa.selenium.NoSuchElementException: 
Cannot locate an element using By.xpath: .//input[@id='firstname']
For documentation on this error, please visit: http://seleniumhq.org/exceptions/no_such_element.html
Build info: version: '3.8.1', revision: '6e95a6684b', time: '2017-12-01T18:33:54.468Z'
System info: host: 'SNK', ip: '192.168.164.1', os.name: 'Windows 10', os.arch: 'amd64', os.version: '10.0', java.version: '1.8.0_162'
Driver info: driver.version: unknown
	at tests.RegistrationTest.newUserRegistrationTest(RegistrationTest.java:16)
</failure>
    <system-out><![CDATA[2018-02-23 11:31:53 Page:33 [INFO] - Start open page.
2018-02-23 11:31:55 Page:40 [INFO] - Page open successful.
]]></system-out>
    <system-err><![CDATA[лют. 23, 2018 11:31:53 AM org.openqa.selenium.remote.Augmenter extractRemoteWebDriver
WARNING: Augmenter should be applied to the instances of @Augmentable classes or previously augmented instances only (instance class was: class utils.WebDriverWrapper)
]]></system-err>
  </testcase>
  <testcase name="emptyShoppingCartTest" classname="tests.ShoppingCartTest" time="6.312"/>
  <testcase name="proceedToCheckoutTest" classname="tests.ShoppingCartTest" time="30.567">
    <failure message="Expected condition failed: waiting for presence of element located by: By.xpath: .//button[@class=&apos;button btn-proceed-checkout btn-checkout&apos;] (tried for 30 second(s) with 500 MILLISECONDS interval)" type="org.openqa.selenium.TimeoutException">org.openqa.selenium.TimeoutException: Expected condition failed: waiting for presence of element located by: By.xpath: .//button[@class='button btn-proceed-checkout btn-checkout'] (tried for 30 second(s) with 500 MILLISECONDS interval)
	at tests.ShoppingCartTest.proceedToCheckoutTest(ShoppingCartTest.java:21)
Caused by: org.openqa.selenium.NoSuchElementException: 
Cannot locate an element using By.xpath: .//button[@class='button btn-proceed-checkout btn-checkout']
For documentation on this error, please visit: http://seleniumhq.org/exceptions/no_such_element.html
Build info: version: '3.8.1', revision: '6e95a6684b', time: '2017-12-01T18:33:54.468Z'
System info: host: 'SNK', ip: '192.168.164.1', os.name: 'Windows 10', os.arch: 'amd64', os.version: '10.0', java.version: '1.8.0_162'
Driver info: driver.version: unknown
	at tests.ShoppingCartTest.proceedToCheckoutTest(ShoppingCartTest.java:21)
</failure>
    <system-out><![CDATA[2018-02-23 11:32:33 Page:33 [INFO] - Start open page.
2018-02-23 11:32:33 Page:40 [INFO] - Page open successful.
]]></system-out>
  </testcase>
</testsuite>